<?xml version="1.0" encoding="UTF-8"?>
<testsuite name="org.gestionlog.r2dbc.postgresql.LinkedListTest" tests="4" skipped="0" failures="0" errors="0" timestamp="2023-10-17T04:55:34" hostname="DESKTOP-N38KJAT" time="0.09">
  <properties/>
  <testcase name="testAdd()" classname="org.gestionlog.r2dbc.postgresql.LinkedListTest" time="0.075"/>
  <testcase name="testRemoveMissing()" classname="org.gestionlog.r2dbc.postgresql.LinkedListTest" time="0.003"/>
  <testcase name="testRemove()" classname="org.gestionlog.r2dbc.postgresql.LinkedListTest" time="0.003"/>
  <testcase name="testConstructor()" classname="org.gestionlog.r2dbc.postgresql.LinkedListTest" time="0.002"/>
  <system-out><![CDATA[]]></system-out>
  <system-err><![CDATA[]]></system-err>
</testsuite>
